<?xml version="1.0" encoding="UTF-8"?>
<!-- Generated by org.testng.reporters.JUnitReportReporter -->
<testsuite hostname="LAPTOP-SR1F18AB" failures="0" tests="1" name="inventoryTests.AddProductToCartTest" time="8.335" errors="0" timestamp="2025-04-26T18:02:50 IST" skipped="0">
  <testcase classname="inventoryTests.AddProductToCartTest" name="TC_01_AddProductToCartTest" time="8.335"/>
</testsuite> <!-- inventoryTests.AddProductToCartTest -->
