<?xml version="1.0" encoding="UTF-8"?>
<!-- Generated by org.testng.reporters.JUnitReportReporter -->
<testsuite hostname="LAPTOP-SR1F18AB" failures="0" tests="1" name="inventoryTests.AddLowestPriceProductToCartTest" time="7.463" errors="0" timestamp="2025-04-26T18:03:15 IST" skipped="0">
  <testcase classname="inventoryTests.AddLowestPriceProductToCartTest" name="TC_02_addLowestPriceProductToCartTest" time="7.463"/>
</testsuite> <!-- inventoryTests.AddLowestPriceProductToCartTest -->
