<?xml version="1.0" encoding="UTF-8"?>
<!-- Generated by org.testng.reporters.JUnitReportReporter -->
<testsuite hostname="LAPTOP-SR1F18AB" failures="0" tests="1" name="Practice.TestNGPractice" time="0.016" errors="0" timestamp="2025-04-26T17:40:36 IST" skipped="0">
  <testcase classname="Practice.TestNGPractice" name="sample" time="0.016"/>
</testsuite> <!-- Practice.TestNGPractice -->
