<?xml version="1.0" encoding="UTF-8"?>
<!-- Generated by org.testng.reporters.JUnitReportReporter -->
<testsuite hostname="LAPTOP-SR1F18AB" failures="0" tests="1" name="TESTNG.Script_1" time="0.021" errors="0" timestamp="2025-04-03T17:56:17 IST" skipped="0">
  <testcase classname="TESTNG.Script_1" name="test" time="0.021">
    <system-out>
      <![CDATA[hello]]>
    </system-out>
  </testcase> <!-- test -->
  <system-out>
    <![CDATA[hello]]>
  </system-out>
</testsuite> <!-- TESTNG.Script_1 -->
