<?xml version="1.0" encoding="UTF-8"?>
<!-- Generated by org.testng.reporters.JUnitReportReporter -->
<testsuite hostname="LAPTOP-SR1F18AB" failures="0" tests="1" name="Assignment_Questions.Facebook_Alpha_Ques4" time="5.418" errors="0" timestamp="2025-04-05T17:34:09 IST" skipped="0">
  <testcase classname="Assignment_Questions.Facebook_Alpha_Ques4" name="facebook" time="5.418"/>
</testsuite> <!-- Assignment_Questions.Facebook_Alpha_Ques4 -->
