<?xml version="1.0" encoding="UTF-8"?>
<!-- Generated by org.testng.reporters.JUnitReportReporter -->
<testsuite hostname="LAPTOP-SR1F18AB" failures="0" tests="1" name="TESTNG.Facebook_Testng" time="4.388" errors="0" timestamp="2025-04-04T17:42:06 IST" skipped="0">
  <testcase classname="TESTNG.Facebook_Testng" name="login" time="4.388"/>
</testsuite> <!-- TESTNG.Facebook_Testng -->
