<?xml version="1.0" encoding="UTF-8"?>
<!-- Generated by org.testng.reporters.JUnitReportReporter -->
<testsuite hostname="LAPTOP-SR1F18AB" failures="0" tests="1" name="TESTNG.TestNg_class" time="0.003" errors="0" timestamp="2025-04-03T17:56:17 IST" skipped="0">
  <testcase classname="TESTNG.TestNg_class" name="test" time="0.003"/>
  <system-out>
    <![CDATA[hello]]>
  </system-out>
</testsuite> <!-- TESTNG.TestNg_class -->
