<?xml version="1.0" encoding="UTF-8"?>
<!-- Generated by org.testng.reporters.JUnitXMLReporter -->
<testsuite ignored="0" hostname="LAPTOP-SR1F18AB" failures="0" tests="2" name="Test-runner-firefox" time="15.869" errors="0" timestamp="2025-05-05T16:57:20 IST">
  <testcase classname="inventoryTests.AddProductToCartTest" name="TC_01_AddProductToCartTest" time="0.969"/>
  <testcase classname="inventoryTests.AddProductToCartTest" name="sampleTest" time="0.003"/>
</testsuite> <!-- Test-runner-firefox -->
