<?xml version="1.0" encoding="UTF-8"?>
<!-- Generated by org.testng.reporters.JUnitXMLReporter -->
<testsuite ignored="0" hostname="LAPTOP-SR1F18AB" failures="0" tests="1" name="Test-Runner2" time="19.764" errors="0" timestamp="2025-05-03T17:28:14 IST">
  <testcase classname="inventoryTests.AddLowestPriceProductToCartTest" name="tc_02_addLowestPriceProductToCartTest" time="3.852"/>
</testsuite> <!-- Test-Runner2 -->
