<?xml version="1.0" encoding="UTF-8"?>
<!-- Generated by org.testng.reporters.JUnitXMLReporter -->
<testsuite ignored="0" hostname="LAPTOP-SR1F18AB" failures="0" tests="2" name="Test-Runner1" time="19.355" errors="0" timestamp="2025-05-03T17:28:14 IST">
  <testcase classname="inventoryTests.AddProductToCartTest" name="TC_01_AddProductToCartTest" time="4.098"/>
  <testcase classname="inventoryTests.AddProductToCartTest" name="sampleTest" time="0.01"/>
</testsuite> <!-- Test-Runner1 -->
