<?xml version="1.0" encoding="UTF-8"?>
<!-- Generated by org.testng.reporters.JUnitReportReporter -->
<testsuite hostname="LAPTOP-SR1F18AB" failures="0" tests="1" name="inventoryTests.AddLowestPriceProductToCartTest" time="2.285" errors="0" timestamp="2025-05-08T16:57:29 IST" skipped="0">
  <testcase classname="inventoryTests.AddLowestPriceProductToCartTest" name="tc_02_addLowestPriceProductToCartTest" time="2.285"/>
</testsuite> <!-- inventoryTests.AddLowestPriceProductToCartTest -->
